<?xml version="1.0" encoding="UTF-8"?>
<!-- Generated by org.testng.reporters.JUnitReportReporter -->
<testsuite hostname="pavanpc" failures="0" tests="1" name="com.testNGmaven.demo.DeleteExcelSheetData" time="61.865" errors="0" timestamp="11 May 2022 09:01:20 GMT" skipped="0">
  <testcase classname="com.testNGmaven.demo.DeleteExcelSheetData" name="deleteData" time="61.865"/>
</testsuite> <!-- com.testNGmaven.demo.DeleteExcelSheetData -->
